2021/10/17 14:14:59 {"callers":["/Users/xiangqin/Program/Go/blog-service/main.go 25 main.init.0"],"level":"error","message":"token eyJhbGciOiJIUzI1NiIsInR5cCI6IkpXVCJ9.eyJhcHBfa2V5IjoiMjc1NjY4YmE2NTUwNDljZDczOWQxZDllNmIzMWNjZjEiLCJhcHBfc2VjcmV0IjoiZDJjMjI5M2ZhMThjNTc0ZmRkN2E0ZWE4ODNlMTY5YzgiLCJleHAiOjE2MzQ0NTg0OTksImlzcyI6ImJsb2ctc2VydmljZSJ9.njonf8K6nGZzCdKzKBoYIRIPyvL5nskIOKbAdQ051sQ ","time":1634451299352003000}
2021/10/17 14:15:33 {"callers":["/Users/xiangqin/Program/Go/blog-service/main.go 25 main.init.0"],"level":"info","message":"main:go-blog/blog-server","time":1634451333963085000}
2021/10/17 14:15:42 {"callers":["/Users/xiangqin/Program/Go/blog-service/main.go 25 main.init.0"],"level":"error","message":"token eyJhbGciOiJIUzI1NiIsInR5cCI6IkpXVCJ9.eyJhcHBfa2V5IjoiMjc1NjY4YmE2NTUwNDljZDczOWQxZDllNmIzMWNjZjEiLCJhcHBfc2VjcmV0IjoiZDJjMjI5M2ZhMThjNTc0ZmRkN2E0ZWE4ODNlMTY5YzgiLCJleHAiOjE2MzQ0NTg1NDIsImlzcyI6ImJsb2ctc2VydmljZSJ9.awrjmoWCUPP_u2_X14urnsDltVPRL1mqCiwb3qwj0MA ","time":1634451342563387000}
2021/10/17 14:20:05 {"callers":["/Users/xiangqin/Program/Go/blog-service/main.go 25 main.init.0"],"level":"info","message":"main:go-blog/blog-server","time":1634451605024658000}
2021/10/17 14:20:08 {"callers":["/Users/xiangqin/Program/Go/blog-service/main.go 25 main.init.0"],"level":"error","message":"token map[] ","time":1634451608188675000}
2021/10/17 14:22:10 {"callers":["/Users/xiangqin/Program/Go/blog-service/main.go 25 main.init.0"],"level":"info","message":"main:go-blog/blog-server","time":1634451730461250000}
2021/10/17 14:22:16 {"callers":["/Users/xiangqin/Program/Go/blog-service/main.go 25 main.init.0"],"level":"error","message":"token map[token:eyJhbGciOiJIUzI1NiIsInR5cCI6IkpXVCJ9.eyJhcHBfa2V5IjoiMjc1NjY4YmE2NTUwNDljZDczOWQxZDllNmIzMWNjZjEiLCJhcHBfc2VjcmV0IjoiZDJjMjI5M2ZhMThjNTc0ZmRkN2E0ZWE4ODNlMTY5YzgiLCJleHAiOjE2MzQ0NTg5MzYsImlzcyI6ImJsb2ctc2VydmljZSJ9.gK87FBnuRNWKa5y0CQj4kHP2nrWvIvl5BSIjVrZ0Z9A] ","time":1634451736326278000}
2021/10/17 14:22:22 {"callers":["/Users/xiangqin/Program/Go/blog-service/main.go 25 main.init.0"],"level":"error","message":"token map[token:eyJhbGciOiJIUzI1NiIsInR5cCI6IkpXVCJ9.eyJhcHBfa2V5IjoiMjc1NjY4YmE2NTUwNDljZDczOWQxZDllNmIzMWNjZjEiLCJhcHBfc2VjcmV0IjoiZDJjMjI5M2ZhMThjNTc0ZmRkN2E0ZWE4ODNlMTY5YzgiLCJleHAiOjE2MzQ0NTg5NDIsImlzcyI6ImJsb2ctc2VydmljZSJ9.mEd4DFCdNvno4Z5E1cGdF14KixIfP-QuSvJWLf73tj8] ","time":1634451742442262000}
2021/10/17 14:36:41 {"callers":["/Users/xiangqin/Program/Go/blog-service/main.go 25 main.init.0"],"level":"info","message":"main:go-blog/blog-server","time":1634452601472036000}
2021/10/17 15:17:43 {"callers":["/Users/xiangqin/Program/Go/blog-service/main.go 25 main.init.0"],"level":"info","message":"main:go-blog/blog-server","time":1634455063466058000}
2021/10/17 15:17:51 {"callers":["/Users/xiangqin/Program/Go/blog-service/main.go 25 main.init.0"],"level":"error","message":"app.BindAndValid errs:CreatedBy为必填字段,Name长度必须至少为3个字符 ","time":1634455071503048000}
2021/10/17 15:18:23 {"callers":["/Users/xiangqin/Program/Go/blog-service/main.go 25 main.init.0"],"level":"error","message":"app.BindAndValid errs:CreatedBy为必填字段 ","time":1634455103961570000}
2021/10/17 15:19:35 {"callers":["/Users/xiangqin/Program/Go/blog-service/main.go 25 main.init.0"],"level":"error","message":"svc.CreateTag err:Error 1054: Unknown column 'create_by' in 'field list'","time":1634455175348105000}
2021/10/17 15:23:03 {"callers":["/Users/xiangqin/Program/Go/blog-service/main.go 25 main.init.0"],"level":"error","message":"svc.CreateTag err:Error 1054: Unknown column 'create_by' in 'field list'","time":1634455383018257000}
2021/10/17 15:23:11 {"callers":["/Users/xiangqin/Program/Go/blog-service/main.go 25 main.init.0"],"level":"info","message":"main:go-blog/blog-server","time":1634455391781018000}
2021/10/17 15:23:16 {"callers":["/Users/xiangqin/Program/Go/blog-service/main.go 25 main.init.0"],"level":"error","message":"app.BindAndValid errs:CreatedBy为必填字段 ","time":1634455396326119000}
2021/10/17 15:23:36 {"callers":["/Users/xiangqin/Program/Go/blog-service/main.go 25 main.init.0"],"level":"error","message":"svc.CreateTag err:Error 1054: Unknown column 'create_by' in 'field list'","time":1634455416191781000}
2021/10/17 15:24:31 {"callers":["/Users/xiangqin/Program/Go/blog-service/main.go 25 main.init.0"],"level":"info","message":"main:go-blog/blog-server","time":1634455471635098000}
2021/10/17 15:26:48 {"callers":["/Users/xiangqin/Program/Go/blog-service/main.go 25 main.init.0"],"level":"info","message":"main:go-blog/blog-server","time":1634455608983984000}
2021/10/17 15:26:58 {"callers":["/Users/xiangqin/Program/Go/blog-service/main.go 25 main.init.0"],"level":"error","message":"app.BindAndValid errs:CreatedBy为必填字段 ","time":1634455618960085000}
2021/10/17 15:27:04 {"callers":["/Users/xiangqin/Program/Go/blog-service/main.go 25 main.init.0"],"level":"error","message":"svc.CreateTag err:Error 1054: Unknown column 'delete_on' in 'field list'","time":1634455624957948000}
2021/10/17 15:28:04 {"callers":["/Users/xiangqin/Program/Go/blog-service/main.go 25 main.init.0"],"level":"info","message":"main:go-blog/blog-server","time":1634455684242828000}
2021/10/17 15:30:20 {"callers":["/Users/xiangqin/Program/Go/blog-service/main.go 25 main.init.0"],"level":"error","message":"app.BindAndValid errs: Name为必填字段,ModifiedBy为必填字段","time":1634455820873713000}
2021/10/17 15:30:52 {"callers":["/Users/xiangqin/Program/Go/blog-service/main.go 25 main.init.0"],"level":"error","message":"app.BindAndValid errs: ModifiedBy为必填字段","time":1634455852366518000}
2021/10/17 15:31:34 {"callers":["/Users/xiangqin/Program/Go/blog-service/main.go 25 main.init.0"],"level":"info","message":"main:go-blog/blog-server","time":1634455894434178000}
2021/10/17 15:32:43 {"callers":["/Users/xiangqin/Program/Go/blog-service/main.go 25 main.init.0"],"level":"info","message":"main:go-blog/blog-server","time":1634455963118199000}
2021/10/17 15:33:07 {"callers":["/Users/xiangqin/Program/Go/blog-service/main.go 25 main.init.0"],"level":"error","message":"app.BindAndValid errs: Name长度必须至少为3个字符","time":1634455987115722000}
2021/10/17 15:33:57 {"callers":["/Users/xiangqin/Program/Go/blog-service/main.go 25 main.init.0"],"level":"info","message":"main:go-blog/blog-server","time":1634456037340494000}
2021/10/17 15:38:21 {"callers":["/Users/xiangqin/Program/Go/blog-service/main.go 25 main.init.0"],"level":"info","message":"main:go-blog/blog-server","time":1634456301749916000}
2021/10/17 15:39:08 {"callers":["/Users/xiangqin/Program/Go/blog-service/main.go 25 main.init.0"],"level":"error","message":"svc.DeleteTag err Error 1064: You have an error in your SQL syntax; check the manual that corresponds to your MySQL server version for the right syntax to use near 'FROM `blog_tag`  WHERE `blog_tag`.`id` = ? AND ((id = ? and is_del=?))' at line 1","time":1634456348375929000}
2021/10/17 15:41:06 {"callers":["/Users/xiangqin/Program/Go/blog-service/main.go 25 main.init.0"],"level":"info","message":"main:go-blog/blog-server","time":1634456466305416000}
2021/10/17 15:41:10 {"callers":["/Users/xiangqin/Program/Go/blog-service/main.go 25 main.init.0"],"level":"error","message":"svc.DeleteTag err Error 1064: You have an error in your SQL syntax; check the manual that corresponds to your MySQL server version for the right syntax to use near 'FROM `blog_tag`  WHERE `blog_tag`.`id` = ? AND ((id = ? and is_del=?))' at line 1","time":1634456470794059000}
2021/10/17 15:45:56 {"callers":["/Users/xiangqin/Program/Go/blog-service/main.go 25 main.init.0"],"level":"info","message":"main:go-blog/blog-server","time":1634456756818430000}
2021/10/17 15:50:08 {"callers":["/Users/xiangqin/Program/Go/blog-service/main.go 25 main.init.0"],"level":"info","message":"main:go-blog/blog-server","time":1634457008853718000}
2021/10/17 15:50:25 {"callers":["/Users/xiangqin/Program/Go/blog-service/main.go 25 main.init.0"],"level":"error","message":"svc.DeleteTag err Error 1054: Unknown column 'deteled_on' in 'where clause'","time":1634457025463789000}
2021/10/17 20:02:05 {"callers":["/Users/xiangqin/Program/Go/blog-service/main.go 25 main.init.0"],"level":"info","message":"main:go-blog/blog-server","time":1634472125957872000}
2021/10/17 20:03:41 {"callers":["/Users/xiangqin/Program/Go/blog-service/main.go 25 main.init.0"],"level":"error","message":"app.BindAndValid errs:AppSecret为必填字段,AppKey为必填字段","time":1634472221768219000}
2021/10/17 20:41:03 {"callers":["/Users/xiangqin/Program/Go/blog-service/main.go 25 main.init.0"],"level":"info","message":"main:go-blog/blog-server","time":1634474463123596000}
2021/10/17 21:15:04 {"callers":["/Users/xiangqin/Program/Go/blog-service/main.go 25 main.init.0"],"level":"info","message":"main:go-blog/blog-server","time":1634476504271927000}
2021/10/17 21:15:16 {"callers":["/Users/xiangqin/Program/Go/blog-service/main.go 25 main.init.0"],"level":"error","message":"app.BindAndValid errs Content为必填字段,Title为必填字段","time":1634476516700697000}
2021/10/17 21:18:19 {"callers":["/Users/xiangqin/Program/Go/blog-service/main.go 25 main.init.0"],"level":"info","message":"main:go-blog/blog-server","time":1634476699148247000}
2021/10/17 22:57:27 {"callers":["/Users/xiangqin/Program/Go/blog-service/main.go 25 main.init.0"],"level":"info","message":"main:go-blog/blog-server","time":1634482647805167000}
2021/10/17 22:57:56 {"callers":["/Users/xiangqin/Program/Go/blog-service/main.go 25 main.init.0"],"level":"error","message":"app.BindAndValid errs Title为必填字段","time":1634482676007720000}
2021/10/17 22:59:41 {"callers":["/Users/xiangqin/Program/Go/blog-service/main.go 25 main.init.0"],"level":"info","message":"main:go-blog/blog-server","time":1634482781588390000}
2021/10/17 22:59:44 {"callers":["/Users/xiangqin/Program/Go/blog-service/main.go 25 main.init.0"],"level":"error","message":"svc.GetArticleList err Error 1103: Incorrect table name ''","time":1634482784976352000}
2021/10/17 22:59:46 {"callers":["/Users/xiangqin/Program/Go/blog-service/main.go 25 main.init.0"],"level":"error","message":"svc.GetArticleList err Error 1103: Incorrect table name ''","time":1634482786789031000}
2021/10/17 23:03:34 {"callers":["/Users/xiangqin/Program/Go/blog-service/main.go 25 main.init.0"],"level":"info","message":"main:go-blog/blog-server","time":1634483014379956000}
2021/10/17 23:05:34 {"callers":["/Users/xiangqin/Program/Go/blog-service/main.go 25 main.init.0"],"level":"info","message":"main:go-blog/blog-server","time":1634483134197912000}
2021/10/17 23:05:37 {"callers":["/Users/xiangqin/Program/Go/blog-service/main.go 25 main.init.0"],"level":"error","message":"svc.GetArticleList err [0xc000174000 0xc000174070 0xc0001740e0]","time":1634483137696045000}
2021/10/17 23:07:15 {"callers":["/Users/xiangqin/Program/Go/blog-service/main.go 25 main.init.0"],"level":"info","message":"main:go-blog/blog-server","time":1634483235786092000}
2021/10/17 23:07:36 {"callers":["/Users/xiangqin/Program/Go/blog-service/main.go 25 main.init.0"],"level":"info","message":"main:go-blog/blog-server","time":1634483256716420000}
2021/10/17 23:09:07 {"callers":["/Users/xiangqin/Program/Go/blog-service/main.go 25 main.init.0"],"level":"info","message":"main:go-blog/blog-server","time":1634483347969338000}
2021/10/17 23:10:08 {"callers":["/Users/xiangqin/Program/Go/blog-service/main.go 25 main.init.0"],"level":"info","message":"main:go-blog/blog-server","time":1634483408014576000}
2021/10/17 23:11:27 {"callers":["/Users/xiangqin/Program/Go/blog-service/main.go 25 main.init.0"],"level":"info","message":"main:go-blog/blog-server","time":1634483487194677000}
2021/10/17 23:14:51 {"callers":["/Users/xiangqin/Program/Go/blog-service/main.go 25 main.init.0"],"level":"info","message":"main:go-blog/blog-server","time":1634483691313583000}
2021/10/17 23:15:33 {"callers":["/Users/xiangqin/Program/Go/blog-service/main.go 25 main.init.0"],"level":"info","message":"main:go-blog/blog-server","time":1634483733079756000}
2021/10/17 23:48:03 {"callers":["/Users/xiangqin/Program/Go/blog-service/main.go 25 main.init.0"],"level":"info","message":"main:go-blog/blog-server","time":1634485683025589000}
2021/10/17 23:49:39 {"callers":["/Users/xiangqin/Program/Go/blog-service/main.go 25 main.init.0"],"level":"error","message":"app.BindAndValid errs: ModifiedBy为必填字段","time":1634485779864964000}
2021/10/17 23:50:44 {"callers":["/Users/xiangqin/Program/Go/blog-service/main.go 25 main.init.0"],"level":"info","message":"main:go-blog/blog-server","time":1634485844730421000}
2021/10/17 23:53:28 {"callers":["/Users/xiangqin/Program/Go/blog-service/main.go 25 main.init.0"],"level":"info","message":"main:go-blog/blog-server","time":1634486008120084000}
2021/10/17 23:54:02 {"callers":["/Users/xiangqin/Program/Go/blog-service/main.go 25 main.init.0"],"level":"error","message":"svc.DeleteTag err Error 1054: Unknown column 'deteled_on' in 'where clause'","time":1634486042466785000}
2021/10/17 23:55:44 {"callers":["/Users/xiangqin/Program/Go/blog-service/main.go 25 main.init.0"],"level":"info","message":"main:go-blog/blog-server","time":1634486144143565000}
2021/10/18 00:14:24 {"callers":["/Users/xiangqin/Program/Go/blog-service/main.go 25 main.init.0"],"level":"info","message":"main:go-blog/blog-server","time":1634487264018646000}
2021/10/18 00:15:05 {"callers":["/Users/xiangqin/Program/Go/blog-service/main.go 25 main.init.0"],"level":"info","message":"main:go-blog/blog-server","time":1634487305462278000}
2021/10/18 00:15:55 {"callers":["/Users/xiangqin/Program/Go/blog-service/main.go 25 main.init.0"],"level":"info","message":"main:go-blog/blog-server","time":1634487355083657000}
2021/10/18 00:17:02 {"callers":["/Users/xiangqin/Program/Go/blog-service/main.go 25 main.init.0"],"level":"info","message":"main:go-blog/blog-server","time":1634487422410977000}
2021/10/18 00:17:08 {"callers":["/Users/xiangqin/Program/Go/blog-service/main.go 25 main.init.0"],"level":"info","message":"main:go-blog/blog-server","time":1634487428239441000}
2021/10/18 00:18:17 {"callers":["/Users/xiangqin/Program/Go/blog-service/main.go 25 main.init.0"],"level":"info","message":"main:go-blog/blog-server","time":1634487497203351000}
